0 info it worked if it ends with ok
1 verbose cli [ 'C:\\Program Files\\nodejs\\node.exe',
1 verbose cli   'C:\\Users\\Ray\\AppData\\Roaming\\npm\\node_modules\\npm\\bin\\npm-cli.js',
1 verbose cli   'run',
1 verbose cli   'build' ]
2 info using npm@4.0.1
3 info using node@v6.7.0
4 verbose run-script [ 'prebuild', 'build', 'postbuild' ]
5 info lifecycle upstar_music@1.0.0~prebuild: upstar_music@1.0.0
6 silly lifecycle upstar_music@1.0.0~prebuild: no script for prebuild, continuing
7 info lifecycle upstar_music@1.0.0~build: upstar_music@1.0.0
8 verbose lifecycle upstar_music@1.0.0~build: unsafe-perm in lifecycle true
9 verbose lifecycle upstar_music@1.0.0~build: PATH: C:\Users\Ray\AppData\Roaming\npm\node_modules\npm\bin\node-gyp-bin;C:\Users\Ray\Desktop\code\18grider\WebpackProject\node_modules\.bin;C:\Users\Ray\bin;C:\Program Files (x86)\Git\mingw32\bin;C:\Program Files (x86)\Git\usr\local\bin;C:\Program Files (x86)\Git\usr\bin;C:\Program Files (x86)\Git\usr\bin;C:\Program Files (x86)\Git\mingw32\bin;C:\Program Files (x86)\Git\usr\bin;C:\Users\Ray\bin;C:\ProgramData\Oracle\Java\javapath;C:\Windows\system32;C:\Windows;C:\Windows\System32\Wbem;C:\Windows\System32\WindowsPowerShell\v1.0;C:\Program Files (x86)\ATI Technologies\ATI.ACE\Core-Static;C:\Program Files\Java\jdk1.8.0_73;C:\HashiCorp\Vagrant\bin;C:\Program Files (x86)\Heroku\bin;C:\Program Files (x86)\git\cmd;C:\Program Files\MongoDB\Server\3.2\bin;C:\Users\Ray\.dnx\bin;C:\Program Files\Microsoft DNX\Dnvm;C:\Program Files\Microsoft SQL Server\130\Tools\Binn;C:\Program Files (x86)\Git\cmd;C:\Program Files (x86)\NVIDIA Corporation\PhysX\Common;C:\WINDOWS\system32;C:\WINDOWS;C:\WINDOWS\System32\Wbem;C:\WINDOWS\System32\WindowsPowerShell\v1.0;C:\Program Files\nodejs;C:\Program Files (x86)\Windows Kits\8.1\Windows Performance Toolkit;C:\Ruby23-x64\bin;C:\Users\Ray\AppData\Local\atom\bin;C:\Users\Ray\AppData\Local\.meteor;C:\Users\Ray\AppData\Local\Microsoft\WindowsApps;C:\Users\Ray\AppData\Local\Android\sdk\platform-tools;C:\Users\Ray\AppData\Roaming\npm;C:\Users\Ray\AppData\Roaming\Dashlane\4.6.4.21286\bin\Firefox_Extension\{442718d9-475e-452a-b3e1-fb1ee16b8e9f}\components;C:\Users\Ray\AppData\Roaming\Dashlane\4.6.5.21982\bin\Firefox_Extension\{442718d9-475e-452a-b3e1-fb1ee16b8e9f}\components;C:\Program Files (x86)\Git\usr\bin\vendor_perl;C:\Program Files (x86)\Git\usr\bin\core_perl
10 verbose lifecycle upstar_music@1.0.0~build: CWD: C:\Users\Ray\Desktop\code\18grider\WebpackProject
11 silly lifecycle upstar_music@1.0.0~build: Args: [ '/d /s /c',
11 silly lifecycle   'NODE_ENV=production npm run clean && webpack -p' ]
12 silly lifecycle upstar_music@1.0.0~build: Returned: code: 1  signal: null
13 info lifecycle upstar_music@1.0.0~build: Failed to exec build script
14 verbose stack Error: upstar_music@1.0.0 build: `NODE_ENV=production npm run clean && webpack -p`
14 verbose stack Exit status 1
14 verbose stack     at EventEmitter.<anonymous> (C:\Users\Ray\AppData\Roaming\npm\node_modules\npm\lib\utils\lifecycle.js:279:16)
14 verbose stack     at emitTwo (events.js:106:13)
14 verbose stack     at EventEmitter.emit (events.js:191:7)
14 verbose stack     at ChildProcess.<anonymous> (C:\Users\Ray\AppData\Roaming\npm\node_modules\npm\lib\utils\spawn.js:40:14)
14 verbose stack     at emitTwo (events.js:106:13)
14 verbose stack     at ChildProcess.emit (events.js:191:7)
14 verbose stack     at maybeClose (internal/child_process.js:877:16)
14 verbose stack     at Process.ChildProcess._handle.onexit (internal/child_process.js:226:5)
15 verbose pkgid upstar_music@1.0.0
16 verbose cwd C:\Users\Ray\Desktop\code\18grider\WebpackProject
17 error Windows_NT 10.0.14393
18 error argv "C:\\Program Files\\nodejs\\node.exe" "C:\\Users\\Ray\\AppData\\Roaming\\npm\\node_modules\\npm\\bin\\npm-cli.js" "run" "build"
19 error node v6.7.0
20 error npm  v4.0.1
21 error code ELIFECYCLE
22 error upstar_music@1.0.0 build: `NODE_ENV=production npm run clean && webpack -p`
22 error Exit status 1
23 error Failed at the upstar_music@1.0.0 build script 'NODE_ENV=production npm run clean && webpack -p'.
23 error Make sure you have the latest version of node.js and npm installed.
23 error If you do, this is most likely a problem with the upstar_music package,
23 error not with npm itself.
23 error Tell the author that this fails on your system:
23 error     NODE_ENV=production npm run clean && webpack -p
23 error You can get information on how to open an issue for this project with:
23 error     npm bugs upstar_music
23 error Or if that isn't available, you can get their info via:
23 error     npm owner ls upstar_music
23 error There is likely additional logging output above.
24 verbose exit [ 1, true ]
